May-09 11:19:48.018 [main] DEBUG nextflow.cli.Launcher - $> nextflow run . --help
May-09 11:19:48.090 [main] DEBUG nextflow.cli.CmdRun - N E X T F L O W  ~  version 24.10.4
May-09 11:19:48.116 [main] DEBUG nextflow.plugin.PluginsFacade - Setting up plugin manager > mode=prod; embedded=false; plugins-dir=/nfs/users/nfs_a/at31/.nextflow/plugins; core-plugins: nf-amazon@2.9.2,nf-azure@1.10.2,nf-cloudcache@0.4.2,nf-codecommit@0.2.2,nf-console@1.1.4,nf-google@1.15.3,nf-tower@1.9.3,nf-wave@1.7.4
May-09 11:19:48.138 [main] INFO  o.pf4j.DefaultPluginStatusProvider - Enabled plugins: []
May-09 11:19:48.139 [main] INFO  o.pf4j.DefaultPluginStatusProvider - Disabled plugins: []
May-09 11:19:48.142 [main] INFO  org.pf4j.DefaultPluginManager - PF4J version 3.12.0 in 'deployment' mode
May-09 11:19:48.156 [main] INFO  org.pf4j.AbstractPluginManager - No plugins
May-09 11:19:48.770 [main] DEBUG nextflow.config.ConfigBuilder - Found config home: /nfs/users/nfs_a/at31/.nextflow/config
May-09 11:19:48.772 [main] DEBUG nextflow.config.ConfigBuilder - Found config local: /lustre/scratch125/casm/team268im/at31/nextflow/nf-resolveome/nextflow.config
May-09 11:19:48.774 [main] DEBUG nextflow.config.ConfigBuilder - Parsing config file: /nfs/users/nfs_a/at31/.nextflow/config
May-09 11:19:48.774 [main] DEBUG nextflow.config.ConfigBuilder - Parsing config file: /lustre/scratch125/casm/team268im/at31/nextflow/nf-resolveome/nextflow.config
May-09 11:19:48.790 [main] DEBUG n.secret.LocalSecretsProvider - Secrets store: /nfs/users/nfs_a/at31/.nextflow/secrets/store.json
May-09 11:19:48.794 [main] DEBUG nextflow.secret.SecretsLoader - Discovered secrets providers: [nextflow.secret.LocalSecretsProvider@c3edf4c] - activable => nextflow.secret.LocalSecretsProvider@c3edf4c
May-09 11:19:48.807 [main] DEBUG nextflow.config.ConfigBuilder - Applying config profile: `standard`
May-09 11:19:49.197 [main] DEBUG nextflow.config.ConfigBuilder - Applying config profile: `standard`
May-09 11:19:49.287 [main] DEBUG nextflow.cli.CmdRun - Applied DSL=2 from script declaration
May-09 11:19:49.312 [main] DEBUG nextflow.cli.CmdRun - Launching `./main.nf` [mad_wescoff] DSL2 - revision: 3de7503c89
May-09 11:19:49.314 [main] DEBUG nextflow.plugin.PluginsFacade - Plugins declared=[nf-schema@2.2.0]
May-09 11:19:49.315 [main] DEBUG nextflow.plugin.PluginsFacade - Plugins default=[]
May-09 11:19:49.316 [main] DEBUG nextflow.plugin.PluginsFacade - Plugins resolved requirement=[nf-schema@2.2.0, nf-tower@1.9.3]
May-09 11:19:49.316 [main] DEBUG nextflow.plugin.PluginUpdater - Installing plugin nf-schema version: 2.2.0
May-09 11:19:49.346 [main] INFO  org.pf4j.AbstractPluginManager - Plugin 'nf-schema@2.2.0' resolved
May-09 11:19:49.347 [main] INFO  org.pf4j.AbstractPluginManager - Start plugin 'nf-schema@2.2.0'
May-09 11:19:49.364 [main] DEBUG nextflow.plugin.BasePlugin - Plugin started nf-schema@2.2.0
May-09 11:19:49.365 [main] DEBUG nextflow.plugin.PluginUpdater - Installing plugin nf-tower version: 1.9.3
May-09 11:19:49.382 [main] INFO  org.pf4j.AbstractPluginManager - Plugin 'nf-tower@1.9.3' resolved
May-09 11:19:49.382 [main] INFO  org.pf4j.AbstractPluginManager - Start plugin 'nf-tower@1.9.3'
May-09 11:19:49.413 [main] DEBUG nextflow.plugin.BasePlugin - Plugin started nf-tower@1.9.3
May-09 11:19:49.495 [main] DEBUG nextflow.Session - Session UUID: 5c69df89-3cc2-4a69-a5e7-3478a595b23c
May-09 11:19:49.495 [main] DEBUG nextflow.Session - Run name: mad_wescoff
May-09 11:19:49.496 [main] DEBUG nextflow.Session - Executor pool size: 64
May-09 11:19:49.506 [main] DEBUG nextflow.file.FilePorter - File porter settings maxRetries=3; maxTransfers=50; pollTimeout=null
May-09 11:19:49.511 [main] DEBUG nextflow.util.ThreadPoolBuilder - Creating thread pool 'FileTransfer' minSize=10; maxSize=192; workQueue=LinkedBlockingQueue[10000]; allowCoreThreadTimeout=false
May-09 11:19:49.550 [main] DEBUG nextflow.cli.CmdRun - 
  Version: 24.10.4 build 5934
  Created: 20-01-2025 16:47 UTC (16:47 BST)
  System: Linux 5.15.0-138-generic
  Runtime: Groovy 4.0.23 on OpenJDK 64-Bit Server VM 17.0.8.1+1
  Encoding: UTF-8 (UTF-8)
  Process: 1680422@farm22-head1 [10.160.8.96]
  CPUs: 64 - Mem: 754.6 GB (243.7 GB) - Swap: 66.3 GB (65.9 GB)
May-09 11:19:49.603 [main] DEBUG nextflow.Session - Work-dir: /lustre/scratch125/casm/team268im/at31/nextflow/nf-resolveome/work [lustre]
May-09 11:19:49.652 [main] DEBUG nextflow.executor.ExecutorFactory - Extension executors providers=[]
May-09 11:19:49.673 [main] DEBUG nextflow.Session - Observer factory: DefaultObserverFactory
May-09 11:19:49.678 [main] DEBUG nextflow.Session - Observer factory: TowerFactory
May-09 11:19:49.703 [main] DEBUG nextflow.cache.CacheFactory - Using Nextflow cache factory: nextflow.cache.DefaultCacheFactory
May-09 11:19:49.716 [main] DEBUG nextflow.util.CustomThreadPool - Creating default thread pool > poolSize: 65; maxThreads: 1000
May-09 11:19:49.833 [main] DEBUG nextflow.Session - Session start
May-09 11:19:50.198 [main] DEBUG nextflow.script.ScriptRunner - > Launching execution
May-09 11:19:51.091 [main] DEBUG nextflow.script.IncludeDef - Loading included plugin extensions with names: [validateParameters:validateParameters, paramsSummaryLog:paramsSummaryLog]; plugin Id: nf-schema
May-09 11:19:51.192 [main] DEBUG nextflow.validation.SchemaValidator - Printing out the short help message
May-09 11:19:51.219 [main] INFO  nextflow.validation.SchemaValidator - --location             [2m[string]          [0mAre the BAMs saved locally or on iRODs? [2m (accepted: irods, local) [default: local] [0m
--samplesheet          [2m[string]          [0mComma-separated file containing the columns 'id', 'donor_id', 'bam', 'mutations', and 'snps'. [2m[0m
--fasta                [2m[string]          [0mFasta file for the genome build. [2m[0m
--genome_build         [2m[string]          [0mGenome build. [2m (accepted: GRCh37, GRCh38) [default: GRCh37] [0m
--genes                [2m[string]          [0mA text file of genes of interest for gene coverage analysis. [2m[0m
--min_bq               [2m[integer]         [0mMinimum base quality for genotyping. [2m[default: 30] [0m
--min_mq               [2m[integer]         [0mMinimum mapping quality for genotyping. [2m[default: 30] [0m
--mask                 [2m[integer]         [0mMask for genotyping. [2m[default: 3844] [0m
--out_dir              [2m[string]          [0mOutput directory. [2m[default: out/] [0m
--no_chr               [2m[boolean]         [0mAre the contigs prefaced with 'chr' (chr1) or without (1)? [2m[default: true] [0m
--annotate_mutations   [2m[boolean]         [0mAnnotate the genes and impacts of mutations using dndscv? [2m[0m
--bait_set_hyb         [2m[string]          [0mA bed file of the bait set used for hybridisation. [2m[0m
--bait_set_vdj         [2m[string]          [0mA bed file of the VDJ regions of interest. [2m[0m
--baf_chrs             [2m[string]          [0mAny chromosomes of interest to zoom in on when making the BAF plots, for higher breakpoint resolution, delimited with a comma (e.g. 1,2,3). [2m[0m
--refcds               [2m[string]          [0mPath to RefCDS Rda object from the dndscv package. [2m[default: /lustre/scratch125/casm/team268im/at31/reference/dndscv/refcds_hg19.rda] [0m
--publish_dir_mode     [2m[string]          [0m[2m[default: copy] [0m
--max_memory           [2m[string]          [0m[2m[0m
--max_cpus             [2m[string]          [0m[2m[0m
--max_time             [2m[string]          [0m[2m[0m
--help                 [2m[boolean, string] [0mShow the help message for all top level parameters. When a parameter is given to `--help`, the full help message of that parameter will be printed. [2m[0m
--helpFull             [2m[boolean]         [0mShow the help message for all non-hidden parameters. [2m[0m
--showHidden           [2m[boolean]         [0mShow all hidden parameters in the help message. This needs to be used in combination with `--help` or `--helpFull`. [2m[0m

-[2m----------------------------------------------------[0m-

